<?xml version="1.0" encoding="UTF-8"?>
<!-- Generated by org.testng.reporters.JUnitReportReporter -->
<testsuite hostname="DESKTOP-JA80H0B" failures="0" tests="1" name="com.qa.base.testbase.GetApiTest" time="1.958" errors="0" timestamp="2021-02-10T18:26:30 CST" skipped="0">
  <testcase classname="com.qa.base.testbase.GetApiTest" name="getAPITest" time="1.958"/>
  <system-out/>
</testsuite> <!-- com.qa.base.testbase.GetApiTest -->
